<?xml version="1.0" encoding="utf-8"?><testsuites name="pytest tests"><testsuite name="pytest" errors="0" failures="2" skipped="0" tests="11" time="2.273" timestamp="2026-02-07T16:28:21.173389+00:00" hostname="agent-env-4cf53146-0d10-4bed-bad8-2166e4c54663"><testcase classname="backend.tests.test_face_auth.TestHealthCheck" name="test_api_health" time="0.061" /><testcase classname="backend.tests.test_face_auth.TestRememberMeTokenExpiry" name="test_login_without_remember_me_7_day_token" time="0.264" /><testcase classname="backend.tests.test_face_auth.TestRememberMeTokenExpiry" name="test_login_with_remember_me_30_day_token" time="0.265" /><testcase classname="backend.tests.test_face_auth.TestFaceRegisterAPI" name="test_face_register_requires_auth" time="0.041" /><testcase classname="backend.tests.test_face_auth.TestFaceRegisterAPI" name="test_face_register_success" time="0.338" /><testcase classname="backend.tests.test_face_auth.TestFaceRegisterAPI" name="test_face_register_wrong_user_id" time="0.298" /><testcase classname="backend.tests.test_face_auth.TestFaceLoginAPI" name="test_face_login_no_registered_faces" time="0.155"><failure message="AssertionError: Expected 401/404, got 200&#10;assert 200 in [401, 404]&#10; +  where 200 = &lt;Response [200]&gt;.status_code">backend/tests/test_face_auth.py:187: in test_face_login_no_registered_faces
    assert response.status_code in [401, 404], f"Expected 401/404, got {response.status_code}"
E   AssertionError: Expected 401/404, got 200
E   assert 200 in [401, 404]
E    +  where 200 = &lt;Response [200]&gt;.status_code</failure></testcase><testcase classname="backend.tests.test_face_auth.TestFaceLoginAPI" name="test_face_login_invalid_descriptor_length" time="0.037"><failure message="AssertionError: Unexpected status: 520&#10;assert 520 in [400, 401, 404, 422, 500]&#10; +  where 520 = &lt;Response [520]&gt;.status_code">backend/tests/test_face_auth.py:200: in test_face_login_invalid_descriptor_length
    assert response.status_code in [400, 401, 404, 422, 500], f"Unexpected status: {response.status_code}"
E   AssertionError: Unexpected status: 520
E   assert 520 in [400, 401, 404, 422, 500]
E    +  where 520 = &lt;Response [520]&gt;.status_code</failure></testcase><testcase classname="backend.tests.test_face_auth.TestFaceLoginAPI" name="test_face_login_with_username_hint" time="0.036" /><testcase classname="backend.tests.test_face_auth.TestFaceLoginAPI" name="test_face_login_success_after_registration" time="0.367" /><testcase classname="backend.tests.test_face_auth.TestUserRegistration" name="test_register_test_user" time="0.260" /></testsuite></testsuites>