<?xml version="1.0" encoding="utf-8"?><testsuites name="pytest tests"><testsuite name="pytest" errors="0" failures="0" skipped="0" tests="11" time="2.541" timestamp="2026-02-07T16:29:11.317295+00:00" hostname="agent-env-4cf53146-0d10-4bed-bad8-2166e4c54663"><testcase classname="backend.tests.test_face_auth.TestHealthCheck" name="test_api_health" time="0.370" /><testcase classname="backend.tests.test_face_auth.TestRememberMeTokenExpiry" name="test_login_without_remember_me_7_day_token" time="0.265" /><testcase classname="backend.tests.test_face_auth.TestRememberMeTokenExpiry" name="test_login_with_remember_me_30_day_token" time="0.259" /><testcase classname="backend.tests.test_face_auth.TestFaceRegisterAPI" name="test_face_register_requires_auth" time="0.039" /><testcase classname="backend.tests.test_face_auth.TestFaceRegisterAPI" name="test_face_register_success" time="0.335" /><testcase classname="backend.tests.test_face_auth.TestFaceRegisterAPI" name="test_face_register_wrong_user_id" time="0.306" /><testcase classname="backend.tests.test_face_auth.TestFaceLoginAPI" name="test_face_login_no_registered_faces" time="0.141" /><testcase classname="backend.tests.test_face_auth.TestFaceLoginAPI" name="test_face_login_invalid_descriptor_length" time="0.036" /><testcase classname="backend.tests.test_face_auth.TestFaceLoginAPI" name="test_face_login_with_username_hint" time="0.037" /><testcase classname="backend.tests.test_face_auth.TestFaceLoginAPI" name="test_face_login_success_after_registration" time="0.321" /><testcase classname="backend.tests.test_face_auth.TestUserRegistration" name="test_register_test_user" time="0.265" /></testsuite></testsuites>